INFO: 02-09 17:02:32: tf_logging.py:82 * 140158612162304 Restoring parameters from model/shadownet/shadownet_2017-10-17-11-47-46.ckpt-199999
INFO: 02-09 17:21:47: tf_logging.py:82 * 140446158763776 Restoring parameters from model/shadownet/shadownet_2017-10-17-11-47-46.ckpt-199999
INFO: 02-09 17:21:48: demo_shadownet.py:84 * 140446158763776 Predict image test_01.jpg label credtwoathtness
INFO: 02-09 17:22:28: tf_logging.py:82 * 139670844507904 Restoring parameters from model/shadownet/shadownet_2017-10-17-11-47-46.ckpt-199999
INFO: 02-09 18:10:46: tf_logging.py:82 * 140624528410368 Restoring parameters from model/shadownet/shadownet_2017-10-17-11-47-46.ckpt-199999
INFO: 02-10 12:33:57: tf_logging.py:82 * 140506821908224 Restoring parameters from model/shadownet/shadownet_2017-10-17-11-47-46.ckpt-199999
INFO: 02-10 12:34:56: tf_logging.py:82 * 139953065084672 Restoring parameters from model/shadownet/shadownet_2017-10-17-11-47-46.ckpt-199999
INFO: 02-10 12:34:57: test.py:85 * 139953065084672 Predict image test_01.jpg label credtwoathtness
INFO: 02-10 12:50:00: tf_logging.py:82 * 139987466581760 Restoring parameters from model/shadownet/shadownet_2017-10-17-11-47-46.ckpt-199999
INFO: 02-10 12:50:01: test.py:114 * 139987466581760 Predict image test_01.jpg label credtwoathtness
INFO: 02-10 12:55:12: tf_logging.py:82 * 139726586607360 Restoring parameters from model/shadownet/shadownet_2017-10-17-11-47-46.ckpt-199999
INFO: 02-10 12:55:13: test.py:116 * 139726586607360 Predict image test_01.jpg label credtwoathtness
INFO: 02-10 12:58:47: tf_logging.py:82 * 139817138796288 Restoring parameters from model/shadownet/shadownet_2017-10-17-11-47-46.ckpt-199999
INFO: 02-10 12:58:48: test.py:116 * 139817138796288 Predict image test_01.jpg label credtwoathtness
INFO: 02-11 12:52:33: tf_logging.py:82 * 140295459936000 Restoring parameters from model/shadownet/shadownet_2017-10-17-11-47-46.ckpt-199999
INFO: 02-11 12:53:19: tf_logging.py:82 * 139701920990976 Restoring parameters from model/shadownet/shadownet_2017-10-17-11-47-46.ckpt-199999
INFO: 02-11 12:53:19: test.py:115 * 139701920990976 Predict image test_01.jpg label stwrm
INFO: 02-11 12:55:18: tf_logging.py:82 * 139632774964992 Restoring parameters from model/shadownet/shadownet_2017-10-17-11-47-46.ckpt-199999
INFO: 02-11 12:55:19: test.py:115 * 139632774964992 Predict image test_01.jpg label stwrm
INFO: 02-11 16:22:53: tf_logging.py:82 * 140603978528512 Restoring parameters from model/shadownet/shadownet_2017-10-17-11-47-46.ckpt-199999
INFO: 02-11 16:25:37: tf_logging.py:82 * 140333809305344 Restoring parameters from model/shadownet/shadownet_2017-10-17-11-47-46.ckpt-199999
INFO: 02-11 16:26:26: tf_logging.py:82 * 139629716334336 Restoring parameters from model/shadownet/shadownet_2017-10-17-11-47-46.ckpt-199999
INFO: 02-11 16:26:26: test.py:115 * 139629716334336 Predict image test_01.jpg label styinma
INFO: 02-11 16:35:22: tf_logging.py:82 * 139892784846592 Restoring parameters from model/shadownet/shadownet_2017-10-17-11-47-46.ckpt-199999
INFO: 02-11 16:35:23: test.py:115 * 139892784846592 Predict image test_01.jpg label styinma
INFO: 02-11 16:37:37: tf_logging.py:82 * 140021667555072 Restoring parameters from model/shadownet/shadownet_2017-10-17-11-47-46.ckpt-199999
INFO: 02-11 16:38:17: tf_logging.py:82 * 140629765621504 Restoring parameters from model/shadownet/shadownet_2017-10-17-11-47-46.ckpt-199999
INFO: 02-11 16:39:16: tf_logging.py:82 * 139891421873920 Restoring parameters from model/shadownet/shadownet_2017-10-17-11-47-46.ckpt-199999
INFO: 02-11 16:42:08: tf_logging.py:82 * 140297930884864 Restoring parameters from model/shadownet/shadownet_2017-10-17-11-47-46.ckpt-199999
INFO: 02-11 16:43:06: tf_logging.py:82 * 139764249237248 Restoring parameters from model/shadownet/shadownet_2017-10-17-11-47-46.ckpt-199999
INFO: 02-11 16:43:06: test.py:114 * 139764249237248 Predict image test_01.jpg label styinma
INFO: 02-11 16:46:56: tf_logging.py:82 * 140185463428864 Restoring parameters from model/shadownet/shadownet_2017-10-17-11-47-46.ckpt-199999
INFO: 02-11 16:46:57: test.py:116 * 140185463428864 Predict image test_01.jpg label styinma
INFO: 02-11 16:47:55: tf_logging.py:82 * 140225439393536 Restoring parameters from model/shadownet/shadownet_2017-10-17-11-47-46.ckpt-199999
INFO: 02-11 16:48:25: tf_logging.py:82 * 139627016931072 Restoring parameters from model/shadownet/shadownet_2017-10-17-11-47-46.ckpt-199999
INFO: 02-11 16:49:39: tf_logging.py:82 * 140374396970752 Restoring parameters from model/shadownet/shadownet_2017-10-17-11-47-46.ckpt-199999
INFO: 02-11 16:49:40: test.py:117 * 140374396970752 Predict image test_01.jpg label styinma
INFO: 02-11 16:53:47: tf_logging.py:82 * 139969883965184 Restoring parameters from model/shadownet/shadownet_2017-10-17-11-47-46.ckpt-199999
INFO: 02-11 16:53:48: test.py:117 * 139969883965184 Predict image test_01.jpg label styinma
INFO: 02-11 18:43:55: tf_logging.py:82 * 140070534715136 Restoring parameters from model/shadownet/shadownet_2017-10-17-11-47-46.ckpt-199999
INFO: 02-11 18:43:56: test.py:117 * 140070534715136 Predict image test_01.jpg label styinma
INFO: 02-11 18:45:48: tf_logging.py:82 * 139977399457536 Restoring parameters from model/shadownet/shadownet_2017-10-17-11-47-46.ckpt-199999
INFO: 02-11 18:45:48: test.py:118 * 139977399457536 Predict image test_01.jpg label styinma
INFO: 02-11 18:46:40: tf_logging.py:82 * 139849389082368 Restoring parameters from model/shadownet/shadownet_2017-10-17-11-47-46.ckpt-199999
INFO: 02-11 18:46:40: test.py:118 * 139849389082368 Predict image test_01.jpg label styinma
INFO: 02-12 11:11:25: tf_logging.py:82 * 139874211317504 Restoring parameters from model/shadownet/shadownet_2017-10-17-11-47-46.ckpt-199999
INFO: 02-12 11:12:44: tf_logging.py:82 * 140105440216832 Restoring parameters from model/shadownet/shadownet_2017-10-17-11-47-46.ckpt-199999
INFO: 02-12 11:14:01: tf_logging.py:82 * 140480384218880 Restoring parameters from model/shadownet/shadownet_2017-10-17-11-47-46.ckpt-199999
INFO: 02-12 11:15:08: tf_logging.py:82 * 140153095317248 Restoring parameters from model/shadownet/shadownet_2017-10-17-11-47-46.ckpt-199999
INFO: 02-12 11:15:09: test.py:117 * 140153095317248 Predict image test_01.jpg label styinma
INFO: 02-12 15:23:27: tf_logging.py:82 * 139892508395264 Restoring parameters from model/shadownet/shadownet_2017-10-17-11-47-46.ckpt-199999
INFO: 02-12 15:52:18: tf_logging.py:82 * 140168393398016 Restoring parameters from model/shadownet/shadownet_2017-10-17-11-47-46.ckpt-199999
INFO: 02-12 15:58:48: tf_logging.py:82 * 140195940546304 Restoring parameters from model/shadownet/shadownet_2017-10-17-11-47-46.ckpt-199999
INFO: 02-12 16:12:37: tf_logging.py:82 * 140179775629056 Restoring parameters from model/shadownet/shadownet_2017-10-17-11-47-46.ckpt-199999
INFO: 02-12 17:13:24: tf_logging.py:82 * 140436336076544 Restoring parameters from model/shadownet/shadownet_2017-10-17-11-47-46.ckpt-199999
INFO: 02-12 17:17:36: tf_logging.py:82 * 140401576449792 Restoring parameters from model/shadownet/shadownet_2017-10-17-11-47-46.ckpt-199999
INFO: 02-12 17:26:17: tf_logging.py:82 * 139855923398400 Restoring parameters from model/shadownet/shadownet_2017-10-17-11-47-46.ckpt-199999
INFO: 02-12 17:26:36: tf_logging.py:82 * 139770193131264 Restoring parameters from model/shadownet/shadownet_2017-10-17-11-47-46.ckpt-199999
INFO: 02-12 18:49:15: tf_logging.py:82 * 139728553490176 Restoring parameters from model/shadownet/shadownet_2017-10-17-11-47-46.ckpt-199999
INFO: 02-12 18:53:31: tf_logging.py:82 * 140718560061184 Restoring parameters from model/shadownet/shadownet_2017-10-17-11-47-46.ckpt-199999
INFO: 02-12 19:29:23: tf_logging.py:82 * 140265552537344 Restoring parameters from model/shadownet/shadownet_2017-10-17-11-47-46.ckpt-199999
INFO: 02-12 19:31:16: tf_logging.py:82 * 139996761343744 Restoring parameters from model/shadownet/shadownet_2017-10-17-11-47-46.ckpt-199999
INFO: 02-13 11:23:59: tf_logging.py:82 * 139743440529152 Restoring parameters from model/shadownet/shadownet_2017-10-17-11-47-46.ckpt-199999
INFO: 02-13 18:41:47: train_shadownet.py:110 * 140735741633344 Training from scratch
INFO: 02-13 18:44:25: train_shadownet.py:110 * 140735741633344 Training from scratch
INFO: 02-13 18:48:11: train_shadownet.py:110 * 140735741633344 Training from scratch
INFO: 02-13 18:49:58: train_shadownet.py:110 * 140735741633344 Training from scratch
INFO: 02-13 18:50:00: tf_logging.py:110 * 123145548025856 Error reported to Coordinator: <class 'tensorflow.python.framework.errors_impl.InvalidArgumentError'>, Name: <unknown>, Key: videos, Index: 0.  Number of bytes values != expected.  Values size: 10 but output shape: []
	 [[Node: ParseSingleExample/ParseExample/ParseExample = ParseExample[Ndense=2, Nsparse=1, Tdense=[DT_STRING, DT_STRING], dense_shapes=[[1], []], sparse_types=[DT_INT64], _device="/job:localhost/replica:0/task:0/device:CPU:0"](ParseSingleExample/ExpandDims, ParseSingleExample/ParseExample/ParseExample/names, ParseSingleExample/ParseExample/ParseExample/sparse_keys_0, ParseSingleExample/ParseExample/ParseExample/dense_keys_0, ParseSingleExample/ParseExample/ParseExample/dense_keys_1, ParseSingleExample/ParseExample/ParseExample/names, ParseSingleExample/ParseExample/ParseExample/names)]]
	 [[Node: DecodeRaw/_13 = _Recv[client_terminated=false, recv_device="/job:localhost/replica:0/task:0/device:GPU:0", send_device="/job:localhost/replica:0/task:0/device:CPU:0", send_device_incarnation=1, tensor_name="edge_28_DecodeRaw", tensor_type=DT_UINT8, _device="/job:localhost/replica:0/task:0/device:GPU:0"]()]]
INFO: 02-13 18:53:43: train_shadownet.py:110 * 140735741633344 Training from scratch
INFO: 02-13 18:53:45: tf_logging.py:110 * 123145498562560 Error reported to Coordinator: <class 'tensorflow.python.framework.errors_impl.InvalidArgumentError'>, Name: <unknown>, Key: videos, Index: 0.  Number of bytes values != expected.  Values size: 10 but output shape: []
	 [[Node: ParseSingleExample/ParseExample/ParseExample = ParseExample[Ndense=2, Nsparse=1, Tdense=[DT_STRING, DT_STRING], dense_shapes=[[1], []], sparse_types=[DT_INT64], _device="/job:localhost/replica:0/task:0/device:CPU:0"](ParseSingleExample/ExpandDims, ParseSingleExample/ParseExample/ParseExample/names, ParseSingleExample/ParseExample/ParseExample/sparse_keys_0, ParseSingleExample/ParseExample/ParseExample/dense_keys_0, ParseSingleExample/ParseExample/ParseExample/dense_keys_1, ParseSingleExample/ParseExample/ParseExample/names, ParseSingleExample/ParseExample/ParseExample/names)]]
	 [[Node: DecodeRaw/_13 = _Recv[client_terminated=false, recv_device="/job:localhost/replica:0/task:0/device:GPU:0", send_device="/job:localhost/replica:0/task:0/device:CPU:0", send_device_incarnation=1, tensor_name="edge_28_DecodeRaw", tensor_type=DT_UINT8, _device="/job:localhost/replica:0/task:0/device:GPU:0"]()]]
INFO: 02-13 18:53:58: train_shadownet.py:110 * 140735741633344 Training from scratch
INFO: 02-13 18:54:00: tf_logging.py:110 * 123145450303488 Error reported to Coordinator: <class 'tensorflow.python.framework.errors_impl.InvalidArgumentError'>, Name: <unknown>, Key: videos, Index: 0.  Number of bytes values != expected.  Values size: 10 but output shape: []
	 [[Node: ParseSingleExample/ParseExample/ParseExample = ParseExample[Ndense=2, Nsparse=1, Tdense=[DT_STRING, DT_STRING], dense_shapes=[[1], []], sparse_types=[DT_INT64], _device="/job:localhost/replica:0/task:0/device:CPU:0"](ParseSingleExample/ExpandDims, ParseSingleExample/ParseExample/ParseExample/names, ParseSingleExample/ParseExample/ParseExample/sparse_keys_0, ParseSingleExample/ParseExample/ParseExample/dense_keys_0, ParseSingleExample/ParseExample/ParseExample/dense_keys_1, ParseSingleExample/ParseExample/ParseExample/names, ParseSingleExample/ParseExample/ParseExample/names)]]
	 [[Node: DecodeRaw/_13 = _Recv[client_terminated=false, recv_device="/job:localhost/replica:0/task:0/device:GPU:0", send_device="/job:localhost/replica:0/task:0/device:CPU:0", send_device_incarnation=1, tensor_name="edge_28_DecodeRaw", tensor_type=DT_UINT8, _device="/job:localhost/replica:0/task:0/device:GPU:0"]()]]
INFO: 02-14 11:38:14: train_shadownet.py:110 * 140652597405440 Training from scratch
INFO: 02-14 14:36:38: train_shadownet.py:110 * 140284934477568 Training from scratch
INFO: 02-14 15:28:16: train_shadownet.py:110 * 139676875949824 Training from scratch
